<?xml version="1.0" encoding="UTF-8"?>
<testsuite xmlns:xsi="http://www.w3.org/2001/XMLSchema-instance" xsi:noNamespaceSchemaLocation="https://maven.apache.org/surefire/maven-surefire-plugin/xsd/surefire-test-report.xsd" name="com.wilfried.helloworld.AppTest" time="0.024" tests="1" errors="0" skipped="0" failures="0">
  <properties>
    <property name="sun.desktop" value="windows"/>
    <property name="awt.toolkit" value="sun.awt.windows.WToolkit"/>
    <property name="file.encoding.pkg" value="sun.io"/>
    <property name="java.specification.version" value="1.8"/>
    <property name="sun.cpu.isalist" value="amd64"/>
    <property name="sun.jnu.encoding" value="Cp1252"/>
    <property name="java.class.path" value="D:\EPSI\Logiciels\Projets\B3\MSPR Reseau\HelloWorld\target\test-classes;D:\EPSI\Logiciels\Projets\B3\MSPR Reseau\HelloWorld\target\classes;C:\Users\bobra\.m2\repository\junit\junit\4.11\junit-4.11.jar;C:\Users\bobra\.m2\repository\org\hamcrest\hamcrest-core\1.3\hamcrest-core-1.3.jar;"/>
    <property name="java.vm.vendor" value="Oracle Corporation"/>
    <property name="sun.arch.data.model" value="64"/>
    <property name="user.variant" value=""/>
    <property name="java.vendor.url" value="http://java.oracle.com/"/>
    <property name="user.timezone" value="Europe/Paris"/>
    <property name="java.vm.specification.version" value="1.8"/>
    <property name="os.name" value="Windows 10"/>
    <property name="user.country" value="FR"/>
    <property name="sun.java.launcher" value="SUN_STANDARD"/>
    <property name="sun.boot.library.path" value="C:\Program Files\Java\jdk1.8.0_192\jre\bin"/>
    <property name="sun.java.command" value="C:\Users\bobra\AppData\Local\Temp\surefire6371010766228599269\surefirebooter1770867029324639780.jar C:\Users\bobra\AppData\Local\Temp\surefire6371010766228599269 2020-10-26T10-47-06_099-jvmRun1 surefire8126606206426368619tmp surefire_01159483198014615332tmp"/>
    <property name="surefire.test.class.path" value="D:\EPSI\Logiciels\Projets\B3\MSPR Reseau\HelloWorld\target\test-classes;D:\EPSI\Logiciels\Projets\B3\MSPR Reseau\HelloWorld\target\classes;C:\Users\bobra\.m2\repository\junit\junit\4.11\junit-4.11.jar;C:\Users\bobra\.m2\repository\org\hamcrest\hamcrest-core\1.3\hamcrest-core-1.3.jar;"/>
    <property name="sun.cpu.endian" value="little"/>
    <property name="user.home" value="C:\Users\bobra"/>
    <property name="user.language" value="fr"/>
    <property name="java.specification.vendor" value="Oracle Corporation"/>
    <property name="java.home" value="C:\Program Files\Java\jdk1.8.0_192\jre"/>
    <property name="basedir" value="D:\EPSI\Logiciels\Projets\B3\MSPR Reseau\HelloWorld"/>
    <property name="file.separator" value="\"/>
    <property name="line.separator" value="&#10;"/>
    <property name="java.vm.specification.vendor" value="Oracle Corporation"/>
    <property name="java.specification.name" value="Java Platform API Specification"/>
    <property name="java.awt.graphicsenv" value="sun.awt.Win32GraphicsEnvironment"/>
    <property name="surefire.real.class.path" value="C:\Users\bobra\AppData\Local\Temp\surefire6371010766228599269\surefirebooter1770867029324639780.jar"/>
    <property name="sun.boot.class.path" value="C:\Program Files\Java\jdk1.8.0_192\jre\lib\resources.jar;C:\Program Files\Java\jdk1.8.0_192\jre\lib\rt.jar;C:\Program Files\Java\jdk1.8.0_192\jre\lib\sunrsasign.jar;C:\Program Files\Java\jdk1.8.0_192\jre\lib\jsse.jar;C:\Program Files\Java\jdk1.8.0_192\jre\lib\jce.jar;C:\Program Files\Java\jdk1.8.0_192\jre\lib\charsets.jar;C:\Program Files\Java\jdk1.8.0_192\jre\lib\jfr.jar;C:\Program Files\Java\jdk1.8.0_192\jre\classes"/>
    <property name="user.script" value=""/>
    <property name="sun.management.compiler" value="HotSpot 64-Bit Tiered Compilers"/>
    <property name="java.runtime.version" value="1.8.0_192-b12"/>
    <property name="user.name" value="bobra"/>
    <property name="path.separator" value=";"/>
    <property name="os.version" value="10.0"/>
    <property name="java.endorsed.dirs" value="C:\Program Files\Java\jdk1.8.0_192\jre\lib\endorsed"/>
    <property name="java.runtime.name" value="Java(TM) SE Runtime Environment"/>
    <property name="file.encoding" value="Cp1252"/>
    <property name="java.vm.name" value="Java HotSpot(TM) 64-Bit Server VM"/>
    <property name="localRepository" value="C:\Users\bobra\.m2\repository"/>
    <property name="java.vendor.url.bug" value="http://bugreport.sun.com/bugreport/"/>
    <property name="java.io.tmpdir" value="C:\Users\bobra\AppData\Local\Temp\"/>
    <property name="java.version" value="1.8.0_192"/>
    <property name="user.dir" value="D:\EPSI\Logiciels\Projets\B3\MSPR Reseau\HelloWorld"/>
    <property name="os.arch" value="amd64"/>
    <property name="java.vm.specification.name" value="Java Virtual Machine Specification"/>
    <property name="java.awt.printerjob" value="sun.awt.windows.WPrinterJob"/>
    <property name="sun.os.patch.level" value=""/>
    <property name="java.library.path" value="C:\Program Files\Java\jdk1.8.0_192\jre\bin;C:\WINDOWS\Sun\Java\bin;C:\WINDOWS\system32;C:\WINDOWS;%path%;C:\WebDriver\bin\;C:\Program Files\dotnet\;C:\Program Files\Microsoft SQL Server\Client SDK\ODBC\170\Tools\Binn\;C:\ProgramData\ComposerSetup\bin;C:\Program Files\Microsoft\Web Platform Installer\;C:\Program Files\nodejs\;C:\Users\bobra\AppData\Local\Programs\Python\Python37-32\Scripts\;C:\Users\bobra\AppData\Local\Programs\Python\Python37-32\;C:\Users\bobra\AppData\Local\Microsoft\WindowsApps;C:\Users\bobra\AppData\Local\Programs\Microsoft VS Code\bin;C:\Users\bobra\AppData\Local\GitHubDesktop\bin;C:\Users\bobra\AppData\Local\Microsoft\WindowsApps;C:\Program Files\Java\jre1.8.0_231\bin\;D:\EPSI\Logiciels\NodeJS;D:\EPSI\Logiciels\Tests_Unitaires\Sonar-Scanner-4.8.0;C:\Users\bobra\.dotnet\tools;C:\Program Files (x86)\Microsoft Visual Studio\2019\Community\MSBuild\Current\Bin;C:\Windows\System32;C:\Users\bobra\AppData\Local\Android\Sdk\platform-tools;C:\Users\bobra\AppData\Local\Android\Sdk\emulator;C:\Users\bobra\AppData\Roaming\Composer\vendor\bin;D:\EPSI\Logiciels\SQL\wamp64\bin\php\php7.4.2;C:\Program Files\MongoDB\Server\4.2\bin;C:\Users\bobra\AppData\Roaming\npm;D:\Programmation\Flutter\Flutter Installation Bundle\bin;C:\Windows\System32\WindowsPowerShell\v1.0;D:\EPSI\Logiciels\Integration continue\JavaMaven\apache-maven-3.6.3\bin;;."/>
    <property name="java.vm.info" value="mixed mode"/>
    <property name="java.vendor" value="Oracle Corporation"/>
    <property name="java.vm.version" value="25.192-b12"/>
    <property name="java.ext.dirs" value="C:\Program Files\Java\jdk1.8.0_192\jre\lib\ext;C:\WINDOWS\Sun\Java\lib\ext"/>
    <property name="sun.io.unicode.encoding" value="UnicodeLittle"/>
    <property name="java.class.version" value="52.0"/>
  </properties>
  <testcase name="shouldAnswerWithTrue" classname="com.wilfried.helloworld.AppTest" time="0.002"/>
</testsuite>