<?xml version="1.0" encoding="UTF-8"?>
<testsuite xmlns:xsi="http://www.w3.org/2001/XMLSchema-instance" xsi:noNamespaceSchemaLocation="https://maven.apache.org/surefire/maven-surefire-plugin/xsd/surefire-test-report.xsd" name="com.wilfried.helloworld.AppTest" time="0.042" tests="4" errors="0" skipped="0" failures="1">
  <properties>
    <property name="sun.desktop" value="windows"/>
    <property name="awt.toolkit" value="sun.awt.windows.WToolkit"/>
    <property name="java.specification.version" value="11"/>
    <property name="sun.cpu.isalist" value="amd64"/>
    <property name="sun.jnu.encoding" value="Cp1252"/>
    <property name="java.class.path" value="D:\EPSI\Logiciels\Projets\i1\MSPR2 - Intégration continue\Code\mspr2-ic\target\test-classes;D:\EPSI\Logiciels\Projets\i1\MSPR2 - Intégration continue\Code\mspr2-ic\target\classes;C:\Users\bobra\.m2\repository\junit\junit\4.11\junit-4.11.jar;C:\Users\bobra\.m2\repository\org\hamcrest\hamcrest-core\1.3\hamcrest-core-1.3.jar;"/>
    <property name="java.vm.vendor" value="Oracle Corporation"/>
    <property name="sun.arch.data.model" value="64"/>
    <property name="user.variant" value=""/>
    <property name="java.vendor.url" value="http://java.oracle.com/"/>
    <property name="user.timezone" value="Europe/Paris"/>
    <property name="java.vm.specification.version" value="11"/>
    <property name="os.name" value="Windows 10"/>
    <property name="sun.java.launcher" value="SUN_STANDARD"/>
    <property name="user.country" value="FR"/>
    <property name="sun.boot.library.path" value="C:\Program Files\Java\jdk-11.0.1\bin"/>
    <property name="sun.java.command" value="C:\Users\bobra\AppData\Local\Temp\surefire12587627308975712289\surefirebooter17425886287458194353.jar C:\Users\bobra\AppData\Local\Temp\surefire12587627308975712289 2021-03-28T11-44-09_633-jvmRun1 surefire3605464967506380258tmp surefire_010213362664741039477tmp"/>
    <property name="jdk.debug" value="release"/>
    <property name="surefire.test.class.path" value="D:\EPSI\Logiciels\Projets\i1\MSPR2 - Intégration continue\Code\mspr2-ic\target\test-classes;D:\EPSI\Logiciels\Projets\i1\MSPR2 - Intégration continue\Code\mspr2-ic\target\classes;C:\Users\bobra\.m2\repository\junit\junit\4.11\junit-4.11.jar;C:\Users\bobra\.m2\repository\org\hamcrest\hamcrest-core\1.3\hamcrest-core-1.3.jar;"/>
    <property name="sun.cpu.endian" value="little"/>
    <property name="user.home" value="C:\Users\bobra"/>
    <property name="user.language" value="fr"/>
    <property name="java.specification.vendor" value="Oracle Corporation"/>
    <property name="java.version.date" value="2018-10-16"/>
    <property name="java.home" value="C:\Program Files\Java\jdk-11.0.1"/>
    <property name="file.separator" value="\"/>
    <property name="basedir" value="D:\EPSI\Logiciels\Projets\i1\MSPR2 - Intégration continue\Code\mspr2-ic"/>
    <property name="java.vm.compressedOopsMode" value="Zero based"/>
    <property name="line.separator" value="&#10;"/>
    <property name="idea.version2019.2.3" value="true"/>
    <property name="java.specification.name" value="Java Platform API Specification"/>
    <property name="java.vm.specification.vendor" value="Oracle Corporation"/>
    <property name="java.awt.graphicsenv" value="sun.awt.Win32GraphicsEnvironment"/>
    <property name="surefire.real.class.path" value="C:\Users\bobra\AppData\Local\Temp\surefire12587627308975712289\surefirebooter17425886287458194353.jar"/>
    <property name="user.script" value=""/>
    <property name="sun.management.compiler" value="HotSpot 64-Bit Tiered Compilers"/>
    <property name="java.runtime.version" value="11.0.1+13-LTS"/>
    <property name="user.name" value="bobra"/>
    <property name="path.separator" value=";"/>
    <property name="os.version" value="10.0"/>
    <property name="java.runtime.name" value="Java(TM) SE Runtime Environment"/>
    <property name="file.encoding" value="Cp1252"/>
    <property name="java.vm.name" value="Java HotSpot(TM) 64-Bit Server VM"/>
    <property name="java.vendor.version" value="18.9"/>
    <property name="localRepository" value="C:\Users\bobra\.m2\repository"/>
    <property name="java.vendor.url.bug" value="http://bugreport.java.com/bugreport/"/>
    <property name="java.io.tmpdir" value="C:\Users\bobra\AppData\Local\Temp\"/>
    <property name="java.version" value="11.0.1"/>
    <property name="user.dir" value="D:\EPSI\Logiciels\Projets\i1\MSPR2 - Intégration continue\Code\mspr2-ic"/>
    <property name="os.arch" value="amd64"/>
    <property name="java.vm.specification.name" value="Java Virtual Machine Specification"/>
    <property name="java.awt.printerjob" value="sun.awt.windows.WPrinterJob"/>
    <property name="sun.os.patch.level" value=""/>
    <property name="java.library.path" value="C:\Program Files\Java\jdk-11.0.1\bin;C:\WINDOWS\Sun\Java\bin;C:\WINDOWS\system32;C:\WINDOWS;C:\WINDOWS\System32;C:\WebDriver\bin\;C:\Program Files\dotnet\;C:\Program Files\Microsoft SQL Server\Client SDK\ODBC\170\Tools\Binn\;C:\ProgramData\ComposerSetup\bin;C:\Program Files\Microsoft\Web Platform Installer\;C:\Program Files\nodejs\;C:\WINDOWS\system32;C:\WINDOWS;C:\WINDOWS\System32\Wbem;C:\WINDOWS\System32\WindowsPowerShell\v1.0\;C:\WINDOWS\System32\OpenSSH\;C:\WebDriver\bin\;C:\Program Files\dotnet\;C:\Program Files\Microsoft SQL Server\Client SDK\ODBC\170\Tools\Binn\;C:\ProgramData\ComposerSetup\bin;C:\Program Files\Microsoft\Web Platform Installer\;C:\Program Files\nodejs\;C:\WINDOWS\system32;C:\WINDOWS;C:\WINDOWS\System32\Wbem;C:\WINDOWS\System32\WindowsPowerShell\v1.0\;C:\WINDOWS\System32\OpenSSH\;C:\WebDriver\bin\;C:\Program Files\dotnet\;C:\Program Files\Microsoft SQL Server\Client SDK\ODBC\170\Tools\Binn\;C:\ProgramData\ComposerSetup\bin;C:\Program Files\Microsoft\Web Platform Installer\;C:\Program Files\nodejs\;C:\WINDOWS\system32;C:\WINDOWS;C:\WINDOWS\System32\Wbem;C:\WINDOWS\System32\WindowsPowerShell\v1.0\;C:\WINDOWS\System32\OpenSSH\;C:\Users\bobra\AppData\Local\Programs\Python\Python37-32\Scripts\;C:\Users\bobra\AppData\Local\Programs\Python\Python37-32\;C:\Users\bobra\AppData\Local\Microsoft\WindowsApps;C:\Users\bobra\AppData\Local\Programs\Microsoft VS Code\bin;C:\Users\bobra\AppData\Local\GitHubDesktop\bin;C:\Program Files\Java\jre1.8.0_231\bin\;D:\EPSI\Logiciels\NodeJS;C:\Users\bobra\.dotnet\tools;C:\Program Files (x86)\Microsoft Visual Studio\2019\Community\MSBuild\Current\Bin;C:\Windows\System32;C:\Users\bobra\AppData\Local\Android\Sdk\platform-tools;C:\Users\bobra\AppData\Local\Android\Sdk\emulator;C:\Users\bobra\AppData\Roaming\Composer\vendor\bin;D:\EPSI\Logiciels\SQL\wamp64\bin\php\php7.4.2;C:\Users\bobra\AppData\Roaming\npm;D:\Programmation\Flutter\Flutter Installation Bundle\bin;C:\Windows\System32\WindowsPowerShell\v1.0;D:\EPSI\Logiciels\Integration continue\JavaMaven\apache-maven-3.6.3\bin;;%USERPROFILE%\AppData\Local\Microsoft\WindowsApps;."/>
    <property name="java.vendor" value="Oracle Corporation"/>
    <property name="java.vm.info" value="mixed mode"/>
    <property name="java.vm.version" value="11.0.1+13-LTS"/>
    <property name="sun.io.unicode.encoding" value="UnicodeLittle"/>
    <property name="java.class.version" value="55.0"/>
  </properties>
  <testcase name="TestCalculerMultiplication" classname="com.wilfried.helloworld.AppTest" time="0.003"/>
  <testcase name="TestCalculerSoustraction" classname="com.wilfried.helloworld.AppTest" time="0"/>
  <testcase name="TestCalculerDivisionFaux" classname="com.wilfried.helloworld.AppTest" time="0.007">
    <failure message="expected:&lt;4&gt; but was:&lt;5&gt;" type="java.lang.AssertionError"><![CDATA[java.lang.AssertionError: expected:<4> but was:<5>
	at com.wilfried.helloworld.AppTest.TestCalculerDivisionFaux(AppTest.java:37)
]]></failure>
  </testcase>
  <testcase name="TestCalculerAddition" classname="com.wilfried.helloworld.AppTest" time="0.001"/>
</testsuite>